A.
A.C.
A.D.
Apr. 
Aug.
B.
B.C.
Blvd.
C.
Corp.
D.
D.C.
Dec.
Dr.
Dra.
E.
F.
Feb.
Fig.
Fri.
G.
Inc.
Jan.
Jr.
Mar.
Mon.
Mr.
Ms.
No.
Nov.
Oct.
Sat.
Sept.
S.
Sr.
St.
Sun.
Thurs.
Tues.
U.S.
U.S.A.
Wed.
a.m.
abbr.
acad.
adj.
adv.
al.
anon.
app.
approx.
assn.
biol.
bldg.
bot.
c.
c.o.d
ca.
cal.
cap.
capt.
ch.
chem.
chron.
cir.
cit.
co.
col.
cond.
conf.
cong.
constr.
corp.
cu. ft.
def.
deg.
dep.
dept.
diag.
dict.
dir.
dist.
distr.
div.
doc.
doz.
e.g.
ed.
elec.
elect.
emp.
enc.
est.
et al.
et seq.
etc.
ex lib.
ex.
exec.
fed.
fig.
ft.
gal.
geog.
geom.
gov.
hist.
hr.
ie.
i.e.
in.
intl.
l.c.
lab.
lat.
lb.
lieut.
lt.
ltd.
mag.
med.
mfg.
min.
misc.
mt.
mts.
n.b.
narr.
natl.
neg.
no.
obj.
orig.
p.m.
par.
pct.
pen.
pos.
phys.
pl.
pp.
prod.
pron.
psych.
pt.
qt.
rec.
ref.
rev.
s.
sci.
sgt.
sq.
sub.
subj.
sup.
suppl.
syn.
tbs.
temp.
univ.
v.p.
v.s.
var.
viz.
yr.
vs.
J.
